<?xml version="1.0" encoding="UTF-8"?>
<!-- Generated by org.testng.reporters.JUnitXMLReporter -->
<testsuite ignored="0" hostname="KairosHW0452" failures="0" tests="5" name="Default test" time="26.431" errors="0" timestamp="2023-07-15T15:54:07 IST">
  <testcase classname="Tests.LoginToApp" name="LoginTest" time="1.132"/>
  <testcase classname="Tests.LoginToApp" name="verifyLogin" time="5.441"/>
  <testcase classname="Tests.LoginToApp" name="MessengerTest" time="7.423"/>
  <testcase classname="Tests.LoginToApp" name="verifyMessengerIcon" time="0.671"/>
  <testcase classname="Tests.LoginToApp" name="GroupsTest" time="7.266"/>
</testsuite> <!-- Default test -->
