<?xml version="1.0" encoding="UTF-8"?>
<!-- Generated by org.testng.reporters.JUnitXMLReporter -->
<testsuite ignored="0" hostname="KairosHW0452" failures="0" tests="5" name="Test" time="29.027" errors="0" timestamp="2023-07-18T12:30:41 IST">
  <testcase classname="Tests.LoginToApp" name="LoginTest" time="1.056"/>
  <testcase classname="Tests.LoginToApp" name="verifyLogin" time="8.145"/>
  <testcase classname="Tests.LoginToApp" name="MessengerTest" time="6.742"/>
  <testcase classname="Tests.LoginToApp" name="verifyMessengerIcon" time="0.325"/>
  <testcase classname="Tests.LoginToApp" name="GroupsTest" time="8.076"/>
</testsuite> <!-- Test -->
