<?xml version="1.0" encoding="UTF-8"?>
<testng-results ignored="0" total="5" passed="5" failed="0" skipped="0">
  <reporter-output>
  </reporter-output>
  <suite started-at="2023-07-18T12:30:12 IST" name="Suite" finished-at="2023-07-18T12:30:41 IST" duration-ms="29027">
    <groups>
    </groups>
    <test started-at="2023-07-18T12:30:12 IST" name="Test" finished-at="2023-07-18T12:30:41 IST" duration-ms="29027">
      <class name="Tests.LoginToApp">
        <test-method is-config="true" signature="setUp()[pri:0, instance:Tests.LoginToApp@2af004b]" started-at="2023-07-18T12:30:12 IST" name="setUp" finished-at="2023-07-18T12:30:17 IST" duration-ms="4099" status="PASS">
          <reporter-output>
          </reporter-output>
        </test-method> <!-- setUp -->
        <test-method signature="LoginTest()[pri:1, instance:Tests.LoginToApp@2af004b]" started-at="2023-07-18T12:30:17 IST" name="LoginTest" finished-at="2023-07-18T12:30:18 IST" duration-ms="1056" status="PASS">
          <reporter-output>
          </reporter-output>
        </test-method> <!-- LoginTest -->
        <test-method signature="verifyLogin()[pri:2, instance:Tests.LoginToApp@2af004b]" started-at="2023-07-18T12:30:18 IST" name="verifyLogin" finished-at="2023-07-18T12:30:26 IST" duration-ms="8145" status="PASS">
          <reporter-output>
          </reporter-output>
        </test-method> <!-- verifyLogin -->
        <test-method signature="MessengerTest()[pri:3, instance:Tests.LoginToApp@2af004b]" started-at="2023-07-18T12:30:26 IST" name="MessengerTest" finished-at="2023-07-18T12:30:33 IST" duration-ms="6742" status="PASS">
          <reporter-output>
          </reporter-output>
        </test-method> <!-- MessengerTest -->
        <test-method signature="verifyMessengerIcon()[pri:4, instance:Tests.LoginToApp@2af004b]" started-at="2023-07-18T12:30:33 IST" name="verifyMessengerIcon" finished-at="2023-07-18T12:30:33 IST" duration-ms="325" status="PASS">
          <reporter-output>
          </reporter-output>
        </test-method> <!-- verifyMessengerIcon -->
        <test-method signature="GroupsTest()[pri:5, instance:Tests.LoginToApp@2af004b]" started-at="2023-07-18T12:30:33 IST" name="GroupsTest" finished-at="2023-07-18T12:30:41 IST" duration-ms="8076" status="PASS">
          <reporter-output>
          </reporter-output>
        </test-method> <!-- GroupsTest -->
        <test-method is-config="true" signature="tearDown()[pri:0, instance:Tests.LoginToApp@2af004b]" started-at="2023-07-18T12:30:41 IST" name="tearDown" finished-at="2023-07-18T12:30:41 IST" duration-ms="262" status="PASS">
          <reporter-output>
          </reporter-output>
        </test-method> <!-- tearDown -->
      </class> <!-- Tests.LoginToApp -->
    </test> <!-- Test -->
  </suite> <!-- Suite -->
</testng-results>
